f:\code\mysql++-3.3.0\vc2005\debug\mysqlpp_d.pdb
f:\code\mysql++-3.3.0\vc2005\debug\mysqlpp_d.idb
f:\code\mysql++-3.3.0\vc2005\debug\mysqlpp\mysql++.obj
f:\code\mysql++-3.3.0\vc2005\debug\mysqlpp\mystring.obj
f:\code\mysql++-3.3.0\vc2005\debug\mysqlpp\null.obj
f:\code\mysql++-3.3.0\vc2005\debug\mysqlpp\options.obj
f:\code\mysql++-3.3.0\vc2005\debug\mysqlpp\qparms.obj
f:\code\mysql++-3.3.0\vc2005\debug\mysqlpp\query.obj
f:\code\mysql++-3.3.0\vc2005\debug\mysqlpp\result.obj
f:\code\mysql++-3.3.0\vc2005\debug\mysqlpp\row.obj
f:\code\mysql++-3.3.0\vc2005\debug\mysqlpp\scopedconnection.obj
f:\code\mysql++-3.3.0\vc2005\debug\mysqlpp\sqlstream.obj
f:\code\mysql++-3.3.0\vc2005\debug\mysqlpp\sql_buffer.obj
f:\code\mysql++-3.3.0\vc2005\debug\mysqlpp\ssqls2.obj
f:\code\mysql++-3.3.0\vc2005\debug\mysqlpp\stadapter.obj
f:\code\mysql++-3.3.0\vc2005\debug\mysqlpp\tcp_connection.obj
f:\code\mysql++-3.3.0\vc2005\debug\mysqlpp\transaction.obj
f:\code\mysql++-3.3.0\vc2005\debug\mysqlpp\type_info.obj
f:\code\mysql++-3.3.0\vc2005\debug\mysqlpp\uds_connection.obj
f:\code\mysql++-3.3.0\vc2005\debug\mysqlpp\utility.obj
f:\code\mysql++-3.3.0\vc2005\debug\mysqlpp\vallist.obj
f:\code\mysql++-3.3.0\vc2005\debug\mysqlpp\wnp_connection.obj
f:\code\mysql++-3.3.0\vc2005\debug\mysqlpp\beemutex.obj
f:\code\mysql++-3.3.0\vc2005\debug\mysqlpp\cmdline.obj
f:\code\mysql++-3.3.0\vc2005\debug\mysqlpp\connection.obj
f:\code\mysql++-3.3.0\vc2005\debug\mysqlpp\cpool.obj
f:\code\mysql++-3.3.0\vc2005\debug\mysqlpp\datetime.obj
f:\code\mysql++-3.3.0\vc2005\debug\mysqlpp\dbdriver.obj
f:\code\mysql++-3.3.0\vc2005\debug\mysqlpp\field_names.obj
f:\code\mysql++-3.3.0\vc2005\debug\mysqlpp\field_types.obj
f:\code\mysql++-3.3.0\vc2005\debug\mysqlpp\manip.obj
f:\code\mysql++-3.3.0\vc2005\debug\mysqlpp\myset.obj
f:\code\mysql++-3.3.0\vc2005\debug\mysqlpp\mysqlpp.ilk
f:\code\mysql++-3.3.0\vc2005\debug\mysqlpp_d.dll
f:\code\mysql++-3.3.0\vc2005\debug\mysqlpp_d.lib
f:\code\mysql++-3.3.0\vc2005\debug\mysqlpp_d.exp
f:\code\mysql++-3.3.0\vc2005\debug\mysqlpp\mysql++_mysqlpp.vcxproj.filelistabsolute.txt
f:\code\mysql++-3.3.0\vc2005\debug\mysqlpp\mysqlpp.tlog\cl.command.1.tlog
f:\code\mysql++-3.3.0\vc2005\debug\mysqlpp\mysqlpp.tlog\cl.read.1.tlog
f:\code\mysql++-3.3.0\vc2005\debug\mysqlpp\mysqlpp.tlog\cl.write.1.tlog
f:\code\mysql++-3.3.0\vc2005\debug\mysqlpp\mysqlpp.tlog\link.command.1.tlog
f:\code\mysql++-3.3.0\vc2005\debug\mysqlpp\mysqlpp.tlog\link.read.1.tlog
f:\code\mysql++-3.3.0\vc2005\debug\mysqlpp\mysqlpp.tlog\link.write.1.tlog
f:\code\mysql++-3.3.0\vc2005\debug\mysqlpp\mysqlpp.tlog\link.write.2u.tlog
